<?xml version="1.0" encoding="UTF-8"?>
<!-- Generated by org.testng.reporters.JUnitReportReporter -->
<testsuite hostname="DESKTOP-93O1S8M" failures="0" tests="1" name="Automation.pipeline.Sample" time="0.039" errors="0" timestamp="26 Sep 2019 13:43:13 GMT" skipped="0">
  <testcase classname="Automation.pipeline.Sample" name="testEx" time="0.039"/>
</testsuite> <!-- Automation.pipeline.Sample -->
