<?xml version="1.0" encoding="UTF-8"?>
<!-- Generated by org.testng.reporters.JUnitReportReporter -->
<testsuite skipped="0" hostname="DESKTOP-93O1S8M" name="Automation.pipeline.Sample" tests="1" failures="0" timestamp="26 Sep 2019 14:42:58 GMT" time="0.015" errors="0">
  <testcase name="testEx" time="0.015" classname="Automation.pipeline.Sample"/>
</testsuite> <!-- Automation.pipeline.Sample -->
